<?xml version="1.0" encoding="UTF-8"?>
<!-- Generated by org.testng.reporters.JUnitReportReporter -->
<testsuite hostname="Nabeels-MBP.lan" failures="0" tests="4" name="com.AmericanAirlines_Test.HomePageTest" time="14.476" errors="0" timestamp="2023-01-21T12:40:27 EST" skipped="3">
  <testcase classname="com.AmericanAirlines_Test.HomePageTest" name="searchfield_Test" time="14.476"/>
  <system-out/>
  <testcase classname="com.AmericanAirlines_Test.HomePageTest" name="logo_Test">
    <skipped/>
  </testcase> <!-- logo_Test -->
  <system-out/>
  <testcase classname="com.AmericanAirlines_Test.HomePageTest" name="clickJoinButtonTest">
    <skipped/>
  </testcase> <!-- clickJoinButtonTest -->
  <system-out/>
  <testcase classname="com.AmericanAirlines_Test.HomePageTest" name="clickAndInputUserNameTest">
    <skipped/>
  </testcase> <!-- clickAndInputUserNameTest -->
  <system-out/>
</testsuite> <!-- com.AmericanAirlines_Test.HomePageTest -->
